<?xml version="1.0" encoding="UTF-8"?>
<!-- Generated by org.testng.reporters.JUnitXMLReporter -->
<testsuite hostname="juan-X556UQK" failures="0" tests="100" name="Surefire test" time="0.092" errors="0" timestamp="23 Oct 2019 16:43:14 GMT">
  <testcase classname="calculator.TranslatorImplTest" name="testTranslateDummy" time="0.005"/>
  <testcase classname="calculator.TranslatorImplTest" name="testTranslateDummy" time="0.005"/>
  <testcase classname="calculator.TranslatorImplTest" name="testTranslateDummy" time="0.006"/>
  <testcase classname="calculator.TranslatorImplTest" name="testTranslateDummy" time="0.003"/>
  <testcase classname="calculator.TranslatorImplTest" name="testTranslateDummy" time="0.002"/>
  <testcase classname="calculator.TranslatorImplTest" name="testTranslateDummy" time="0.0"/>
  <testcase classname="calculator.TranslatorImplTest" name="testTranslateDummy" time="0.0"/>
  <testcase classname="calculator.TranslatorImplTest" name="testTranslateDummy" time="0.001"/>
  <testcase classname="calculator.TranslatorImplTest" name="testTranslateDummy" time="0.0"/>
  <testcase classname="calculator.TranslatorImplTest" name="testTranslateDummy" time="0.0"/>
  <testcase classname="calculator.TranslatorImplTest" name="testTranslateDummy" time="0.0"/>
  <testcase classname="calculator.TranslatorImplTest" name="testTranslateDummy" time="0.001"/>
  <testcase classname="calculator.TranslatorImplTest" name="testTranslateDummy" time="0.001"/>
  <testcase classname="calculator.TranslatorImplTest" name="testTranslateDummy" time="0.001"/>
  <testcase classname="calculator.TranslatorImplTest" name="testTranslateDummy" time="0.001"/>
  <testcase classname="calculator.TranslatorImplTest" name="testTranslateDummy" time="0.0"/>
  <testcase classname="calculator.TranslatorImplTest" name="testTranslateDummy" time="0.006"/>
  <testcase classname="calculator.TranslatorImplTest" name="testTranslateDummy" time="0.006"/>
  <testcase classname="calculator.TranslatorImplTest" name="testTranslateDummy" time="0.0"/>
  <testcase classname="calculator.TranslatorImplTest" name="testTranslateDummy" time="0.0"/>
  <testcase classname="calculator.TranslatorImplTest" name="testTranslateDummy" time="0.0"/>
  <testcase classname="calculator.TranslatorImplTest" name="testTranslateDummy" time="0.001"/>
  <testcase classname="calculator.TranslatorImplTest" name="testTranslateDummy" time="0.0"/>
  <testcase classname="calculator.TranslatorImplTest" name="testTranslateDummy" time="0.001"/>
  <testcase classname="calculator.TranslatorImplTest" name="testTranslateDummy" time="0.0"/>
  <testcase classname="calculator.TranslatorImplTest" name="testTranslateDummy" time="0.0"/>
  <testcase classname="calculator.TranslatorImplTest" name="testTranslateDummy" time="0.004"/>
  <testcase classname="calculator.TranslatorImplTest" name="testTranslateDummy" time="0.001"/>
  <testcase classname="calculator.TranslatorImplTest" name="testTranslateDummy" time="0.002"/>
  <testcase classname="calculator.TranslatorImplTest" name="testTranslateDummy" time="0.001"/>
  <testcase classname="calculator.TranslatorImplTest" name="testTranslateDummy" time="0.0"/>
  <testcase classname="calculator.TranslatorImplTest" name="testTranslateDummy" time="0.005"/>
  <testcase classname="calculator.TranslatorImplTest" name="testTranslateDummy" time="0.005"/>
  <testcase classname="calculator.TranslatorImplTest" name="testTranslateDummy" time="0.0"/>
  <testcase classname="calculator.TranslatorImplTest" name="testTranslateDummy" time="0.0"/>
  <testcase classname="calculator.TranslatorImplTest" name="testTranslateDummy" time="0.0"/>
  <testcase classname="calculator.TranslatorImplTest" name="testTranslateDummy" time="0.0"/>
  <testcase classname="calculator.TranslatorImplTest" name="testTranslateDummy" time="0.001"/>
  <testcase classname="calculator.TranslatorImplTest" name="testTranslateDummy" time="0.0"/>
  <testcase classname="calculator.TranslatorImplTest" name="testTranslateDummy" time="0.0"/>
  <testcase classname="calculator.TranslatorImplTest" name="testTranslateDummy" time="0.0"/>
  <testcase classname="calculator.TranslatorImplTest" name="testTranslateDummy" time="0.0"/>
  <testcase classname="calculator.TranslatorImplTest" name="testTranslateDummy" time="0.002"/>
  <testcase classname="calculator.TranslatorImplTest" name="testTranslateDummy" time="0.0"/>
  <testcase classname="calculator.TranslatorImplTest" name="testTranslateDummy" time="0.0"/>
  <testcase classname="calculator.TranslatorImplTest" name="testTranslateDummy" time="0.001"/>
  <testcase classname="calculator.TranslatorImplTest" name="testTranslateDummy" time="0.0"/>
  <testcase classname="calculator.TranslatorImplTest" name="testTranslateDummy" time="0.0"/>
  <testcase classname="calculator.TranslatorImplTest" name="testTranslateDummy" time="0.0"/>
  <testcase classname="calculator.TranslatorImplTest" name="testTranslateDummy" time="0.0"/>
  <testcase classname="calculator.TranslatorImplTest" name="testTranslateDummy" time="0.0"/>
  <testcase classname="calculator.TranslatorImplTest" name="testTranslateDummy" time="0.001"/>
  <testcase classname="calculator.TranslatorImplTest" name="testTranslateDummy" time="0.0"/>
  <testcase classname="calculator.TranslatorImplTest" name="testTranslateDummy" time="0.0"/>
  <testcase classname="calculator.TranslatorImplTest" name="testTranslateDummy" time="0.0"/>
  <testcase classname="calculator.TranslatorImplTest" name="testTranslateDummy" time="0.0"/>
  <testcase classname="calculator.TranslatorImplTest" name="testTranslateDummy" time="0.0"/>
  <testcase classname="calculator.TranslatorImplTest" name="testTranslateDummy" time="0.0"/>
  <testcase classname="calculator.TranslatorImplTest" name="testTranslateDummy" time="0.0"/>
  <testcase classname="calculator.TranslatorImplTest" name="testTranslateDummy" time="0.0"/>
  <testcase classname="calculator.TranslatorImplTest" name="testTranslateDummy" time="0.0"/>
  <testcase classname="calculator.TranslatorImplTest" name="testTranslateDummy" time="0.0"/>
  <testcase classname="calculator.TranslatorImplTest" name="testTranslateDummy" time="0.0"/>
  <testcase classname="calculator.TranslatorImplTest" name="testTranslateDummy" time="0.0"/>
  <testcase classname="calculator.TranslatorImplTest" name="testTranslateDummy" time="0.0"/>
  <testcase classname="calculator.TranslatorImplTest" name="testTranslateDummy" time="0.0"/>
  <testcase classname="calculator.TranslatorImplTest" name="testTranslateDummy" time="0.0"/>
  <testcase classname="calculator.TranslatorImplTest" name="testTranslateDummy" time="0.0"/>
  <testcase classname="calculator.TranslatorImplTest" name="testTranslateDummy" time="0.001"/>
  <testcase classname="calculator.TranslatorImplTest" name="testTranslateDummy" time="0.0"/>
  <testcase classname="calculator.TranslatorImplTest" name="testTranslateDummy" time="0.001"/>
  <testcase classname="calculator.TranslatorImplTest" name="testTranslateDummy" time="0.002"/>
  <testcase classname="calculator.TranslatorImplTest" name="testTranslateDummy" time="0.0"/>
  <testcase classname="calculator.TranslatorImplTest" name="testTranslateDummy" time="0.0"/>
  <testcase classname="calculator.TranslatorImplTest" name="testTranslateDummy" time="0.0"/>
  <testcase classname="calculator.TranslatorImplTest" name="testTranslateDummy" time="0.0"/>
  <testcase classname="calculator.TranslatorImplTest" name="testTranslateDummy" time="0.0"/>
  <testcase classname="calculator.TranslatorImplTest" name="testTranslateDummy" time="0.0"/>
  <testcase classname="calculator.TranslatorImplTest" name="testTranslateDummy" time="0.0"/>
  <testcase classname="calculator.TranslatorImplTest" name="testTranslateDummy" time="0.0"/>
  <testcase classname="calculator.TranslatorImplTest" name="testTranslateDummy" time="0.001"/>
  <testcase classname="calculator.TranslatorImplTest" name="testTranslateDummy" time="0.0"/>
  <testcase classname="calculator.TranslatorImplTest" name="testTranslateDummy" time="0.0"/>
  <testcase classname="calculator.TranslatorImplTest" name="testTranslateDummy" time="0.0"/>
  <testcase classname="calculator.TranslatorImplTest" name="testTranslateDummy" time="0.002"/>
  <testcase classname="calculator.TranslatorImplTest" name="testTranslateDummy" time="0.0"/>
  <testcase classname="calculator.TranslatorImplTest" name="testTranslateDummy" time="0.003"/>
  <testcase classname="calculator.TranslatorImplTest" name="testTranslateDummy" time="0.003"/>
  <testcase classname="calculator.TranslatorImplTest" name="testTranslateDummy" time="0.0"/>
  <testcase classname="calculator.TranslatorImplTest" name="testTranslateDummy" time="0.0"/>
  <testcase classname="calculator.TranslatorImplTest" name="testTranslateDummy" time="0.001"/>
  <testcase classname="calculator.TranslatorImplTest" name="testTranslateDummy" time="0.0"/>
  <testcase classname="calculator.TranslatorImplTest" name="testTranslateDummy" time="0.0"/>
  <testcase classname="calculator.TranslatorImplTest" name="testTranslateDummy" time="0.011"/>
  <testcase classname="calculator.TranslatorImplTest" name="testTranslateDummy" time="0.008"/>
  <testcase classname="calculator.TranslatorImplTest" name="testTranslateDummy" time="0.0"/>
  <testcase classname="calculator.TranslatorImplTest" name="testTranslateDummy" time="0.0"/>
  <testcase classname="calculator.TranslatorImplTest" name="testTranslateDummy" time="0.01"/>
  <testcase classname="calculator.TranslatorImplTest" name="testTranslateDummy" time="0.001"/>
  <testcase classname="calculator.TranslatorImplTest" name="testTranslateDummy" time="0.01"/>
</testsuite> <!-- Surefire test -->
