<?xml version="1.0" encoding="UTF-8"?>
<testng-results total="100" passed="100" failed="0" skipped="0">
  <reporter-output>
  </reporter-output>
  <suite started-at="2019-10-23T16:43:14Z" name="Surefire suite" finished-at="2019-10-23T16:43:14Z" duration-ms="92">
    <groups>
    </groups>
    <test started-at="2019-10-23T16:43:14Z" name="Surefire test" finished-at="2019-10-23T16:43:14Z" duration-ms="92">
      <class name="calculator.TranslatorImplTest">
        <test-method is-config="true" signature="setUp()[pri:0, instance:calculator.TranslatorImplTest@6dc17b83]" started-at="2019-10-23T11:43:14Z" name="setUp" finished-at="2019-10-23T11:43:14Z" duration-ms="10" status="PASS">
          <reporter-output>
          </reporter-output>
        </test-method> <!-- setUp -->
        <test-method is-config="true" signature="setUp()[pri:0, instance:calculator.TranslatorImplTest@6dc17b83]" started-at="2019-10-23T11:43:14Z" name="setUp" finished-at="2019-10-23T11:43:14Z" duration-ms="11" status="PASS">
          <reporter-output>
          </reporter-output>
        </test-method> <!-- setUp -->
        <test-method is-config="true" signature="setUp()[pri:0, instance:calculator.TranslatorImplTest@6dc17b83]" started-at="2019-10-23T11:43:14Z" name="setUp" finished-at="2019-10-23T11:43:14Z" duration-ms="9" status="PASS">
          <reporter-output>
          </reporter-output>
        </test-method> <!-- setUp -->
        <test-method is-config="true" signature="setUp()[pri:0, instance:calculator.TranslatorImplTest@6dc17b83]" started-at="2019-10-23T11:43:14Z" name="setUp" finished-at="2019-10-23T11:43:14Z" duration-ms="8" status="PASS">
          <reporter-output>
          </reporter-output>
        </test-method> <!-- setUp -->
        <test-method is-config="true" signature="setUp()[pri:0, instance:calculator.TranslatorImplTest@6dc17b83]" started-at="2019-10-23T11:43:14Z" name="setUp" finished-at="2019-10-23T11:43:14Z" duration-ms="12" status="PASS">
          <reporter-output>
          </reporter-output>
        </test-method> <!-- setUp -->
        <test-method signature="testTranslateDummy()[pri:0, instance:calculator.TranslatorImplTest@6dc17b83]" started-at="2019-10-23T11:43:14Z" name="testTranslateDummy" finished-at="2019-10-23T11:43:14Z" duration-ms="6" status="PASS">
          <reporter-output>
          </reporter-output>
        </test-method> <!-- testTranslateDummy -->
        <test-method signature="testTranslateDummy()[pri:0, instance:calculator.TranslatorImplTest@6dc17b83]" started-at="2019-10-23T11:43:14Z" name="testTranslateDummy" finished-at="2019-10-23T11:43:14Z" duration-ms="5" status="PASS">
          <reporter-output>
          </reporter-output>
        </test-method> <!-- testTranslateDummy -->
        <test-method signature="testTranslateDummy()[pri:0, instance:calculator.TranslatorImplTest@6dc17b83]" started-at="2019-10-23T11:43:14Z" name="testTranslateDummy" finished-at="2019-10-23T11:43:14Z" duration-ms="5" status="PASS">
          <reporter-output>
          </reporter-output>
        </test-method> <!-- testTranslateDummy -->
        <test-method signature="testTranslateDummy()[pri:0, instance:calculator.TranslatorImplTest@6dc17b83]" started-at="2019-10-23T11:43:14Z" name="testTranslateDummy" finished-at="2019-10-23T11:43:14Z" duration-ms="3" status="PASS">
          <reporter-output>
          </reporter-output>
        </test-method> <!-- testTranslateDummy -->
        <test-method signature="testTranslateDummy()[pri:0, instance:calculator.TranslatorImplTest@6dc17b83]" started-at="2019-10-23T11:43:14Z" name="testTranslateDummy" finished-at="2019-10-23T11:43:14Z" duration-ms="2" status="PASS">
          <reporter-output>
          </reporter-output>
        </test-method> <!-- testTranslateDummy -->
        <test-method is-config="true" signature="setUp()[pri:0, instance:calculator.TranslatorImplTest@6dc17b83]" started-at="2019-10-23T11:43:14Z" name="setUp" finished-at="2019-10-23T11:43:14Z" duration-ms="0" status="PASS">
          <reporter-output>
          </reporter-output>
        </test-method> <!-- setUp -->
        <test-method signature="testTranslateDummy()[pri:0, instance:calculator.TranslatorImplTest@6dc17b83]" started-at="2019-10-23T11:43:14Z" name="testTranslateDummy" finished-at="2019-10-23T11:43:14Z" duration-ms="0" status="PASS">
          <reporter-output>
          </reporter-output>
        </test-method> <!-- testTranslateDummy -->
        <test-method is-config="true" signature="setUp()[pri:0, instance:calculator.TranslatorImplTest@6dc17b83]" started-at="2019-10-23T11:43:14Z" name="setUp" finished-at="2019-10-23T11:43:14Z" duration-ms="0" status="PASS">
          <reporter-output>
          </reporter-output>
        </test-method> <!-- setUp -->
        <test-method signature="testTranslateDummy()[pri:0, instance:calculator.TranslatorImplTest@6dc17b83]" started-at="2019-10-23T11:43:14Z" name="testTranslateDummy" finished-at="2019-10-23T11:43:14Z" duration-ms="0" status="PASS">
          <reporter-output>
          </reporter-output>
        </test-method> <!-- testTranslateDummy -->
        <test-method is-config="true" signature="setUp()[pri:0, instance:calculator.TranslatorImplTest@6dc17b83]" started-at="2019-10-23T11:43:14Z" name="setUp" finished-at="2019-10-23T11:43:14Z" duration-ms="0" status="PASS">
          <reporter-output>
          </reporter-output>
        </test-method> <!-- setUp -->
        <test-method signature="testTranslateDummy()[pri:0, instance:calculator.TranslatorImplTest@6dc17b83]" started-at="2019-10-23T11:43:14Z" name="testTranslateDummy" finished-at="2019-10-23T11:43:14Z" duration-ms="1" status="PASS">
          <reporter-output>
          </reporter-output>
        </test-method> <!-- testTranslateDummy -->
        <test-method signature="testTranslateDummy()[pri:0, instance:calculator.TranslatorImplTest@6dc17b83]" started-at="2019-10-23T11:43:14Z" name="testTranslateDummy" finished-at="2019-10-23T11:43:14Z" duration-ms="0" status="PASS">
          <reporter-output>
          </reporter-output>
        </test-method> <!-- testTranslateDummy -->
        <test-method is-config="true" signature="setUp()[pri:0, instance:calculator.TranslatorImplTest@6dc17b83]" started-at="2019-10-23T11:43:14Z" name="setUp" finished-at="2019-10-23T11:43:14Z" duration-ms="0" status="PASS">
          <reporter-output>
          </reporter-output>
        </test-method> <!-- setUp -->
        <test-method is-config="true" signature="setUp()[pri:0, instance:calculator.TranslatorImplTest@6dc17b83]" started-at="2019-10-23T11:43:14Z" name="setUp" finished-at="2019-10-23T11:43:14Z" duration-ms="0" status="PASS">
          <reporter-output>
          </reporter-output>
        </test-method> <!-- setUp -->
        <test-method signature="testTranslateDummy()[pri:0, instance:calculator.TranslatorImplTest@6dc17b83]" started-at="2019-10-23T11:43:14Z" name="testTranslateDummy" finished-at="2019-10-23T11:43:14Z" duration-ms="0" status="PASS">
          <reporter-output>
          </reporter-output>
        </test-method> <!-- testTranslateDummy -->
        <test-method is-config="true" signature="setUp()[pri:0, instance:calculator.TranslatorImplTest@6dc17b83]" started-at="2019-10-23T11:43:14Z" name="setUp" finished-at="2019-10-23T11:43:14Z" duration-ms="0" status="PASS">
          <reporter-output>
          </reporter-output>
        </test-method> <!-- setUp -->
        <test-method is-config="true" signature="setUp()[pri:0, instance:calculator.TranslatorImplTest@6dc17b83]" started-at="2019-10-23T11:43:14Z" name="setUp" finished-at="2019-10-23T11:43:14Z" duration-ms="0" status="PASS">
          <reporter-output>
          </reporter-output>
        </test-method> <!-- setUp -->
        <test-method signature="testTranslateDummy()[pri:0, instance:calculator.TranslatorImplTest@6dc17b83]" started-at="2019-10-23T11:43:14Z" name="testTranslateDummy" finished-at="2019-10-23T11:43:14Z" duration-ms="0" status="PASS">
          <reporter-output>
          </reporter-output>
        </test-method> <!-- testTranslateDummy -->
        <test-method signature="testTranslateDummy()[pri:0, instance:calculator.TranslatorImplTest@6dc17b83]" started-at="2019-10-23T11:43:14Z" name="testTranslateDummy" finished-at="2019-10-23T11:43:14Z" duration-ms="1" status="PASS">
          <reporter-output>
          </reporter-output>
        </test-method> <!-- testTranslateDummy -->
        <test-method signature="testTranslateDummy()[pri:0, instance:calculator.TranslatorImplTest@6dc17b83]" started-at="2019-10-23T11:43:14Z" name="testTranslateDummy" finished-at="2019-10-23T11:43:14Z" duration-ms="1" status="PASS">
          <reporter-output>
          </reporter-output>
        </test-method> <!-- testTranslateDummy -->
        <test-method is-config="true" signature="setUp()[pri:0, instance:calculator.TranslatorImplTest@6dc17b83]" started-at="2019-10-23T11:43:14Z" name="setUp" finished-at="2019-10-23T11:43:14Z" duration-ms="0" status="PASS">
          <reporter-output>
          </reporter-output>
        </test-method> <!-- setUp -->
        <test-method is-config="true" signature="setUp()[pri:0, instance:calculator.TranslatorImplTest@6dc17b83]" started-at="2019-10-23T11:43:14Z" name="setUp" finished-at="2019-10-23T11:43:14Z" duration-ms="1" status="PASS">
          <reporter-output>
          </reporter-output>
        </test-method> <!-- setUp -->
        <test-method is-config="true" signature="setUp()[pri:0, instance:calculator.TranslatorImplTest@6dc17b83]" started-at="2019-10-23T11:43:14Z" name="setUp" finished-at="2019-10-23T11:43:14Z" duration-ms="1" status="PASS">
          <reporter-output>
          </reporter-output>
        </test-method> <!-- setUp -->
        <test-method signature="testTranslateDummy()[pri:0, instance:calculator.TranslatorImplTest@6dc17b83]" started-at="2019-10-23T11:43:14Z" name="testTranslateDummy" finished-at="2019-10-23T11:43:14Z" duration-ms="1" status="PASS">
          <reporter-output>
          </reporter-output>
        </test-method> <!-- testTranslateDummy -->
        <test-method is-config="true" signature="setUp()[pri:0, instance:calculator.TranslatorImplTest@6dc17b83]" started-at="2019-10-23T11:43:14Z" name="setUp" finished-at="2019-10-23T11:43:14Z" duration-ms="0" status="PASS">
          <reporter-output>
          </reporter-output>
        </test-method> <!-- setUp -->
        <test-method signature="testTranslateDummy()[pri:0, instance:calculator.TranslatorImplTest@6dc17b83]" started-at="2019-10-23T11:43:14Z" name="testTranslateDummy" finished-at="2019-10-23T11:43:14Z" duration-ms="1" status="PASS">
          <reporter-output>
          </reporter-output>
        </test-method> <!-- testTranslateDummy -->
        <test-method signature="testTranslateDummy()[pri:0, instance:calculator.TranslatorImplTest@6dc17b83]" started-at="2019-10-23T11:43:14Z" name="testTranslateDummy" finished-at="2019-10-23T11:43:14Z" duration-ms="6" status="PASS">
          <reporter-output>
          </reporter-output>
        </test-method> <!-- testTranslateDummy -->
        <test-method signature="testTranslateDummy()[pri:0, instance:calculator.TranslatorImplTest@6dc17b83]" started-at="2019-10-23T11:43:14Z" name="testTranslateDummy" finished-at="2019-10-23T11:43:14Z" duration-ms="6" status="PASS">
          <reporter-output>
          </reporter-output>
        </test-method> <!-- testTranslateDummy -->
        <test-method is-config="true" signature="setUp()[pri:0, instance:calculator.TranslatorImplTest@6dc17b83]" started-at="2019-10-23T11:43:14Z" name="setUp" finished-at="2019-10-23T11:43:14Z" duration-ms="6" status="PASS">
          <reporter-output>
          </reporter-output>
        </test-method> <!-- setUp -->
        <test-method is-config="true" signature="setUp()[pri:0, instance:calculator.TranslatorImplTest@6dc17b83]" started-at="2019-10-23T11:43:14Z" name="setUp" finished-at="2019-10-23T11:43:14Z" duration-ms="0" status="PASS">
          <reporter-output>
          </reporter-output>
        </test-method> <!-- setUp -->
        <test-method is-config="true" signature="setUp()[pri:0, instance:calculator.TranslatorImplTest@6dc17b83]" started-at="2019-10-23T11:43:14Z" name="setUp" finished-at="2019-10-23T11:43:14Z" duration-ms="0" status="PASS">
          <reporter-output>
          </reporter-output>
        </test-method> <!-- setUp -->
        <test-method signature="testTranslateDummy()[pri:0, instance:calculator.TranslatorImplTest@6dc17b83]" started-at="2019-10-23T11:43:14Z" name="testTranslateDummy" finished-at="2019-10-23T11:43:14Z" duration-ms="0" status="PASS">
          <reporter-output>
          </reporter-output>
        </test-method> <!-- testTranslateDummy -->
        <test-method is-config="true" signature="setUp()[pri:0, instance:calculator.TranslatorImplTest@6dc17b83]" started-at="2019-10-23T11:43:14Z" name="setUp" finished-at="2019-10-23T11:43:14Z" duration-ms="8" status="PASS">
          <reporter-output>
          </reporter-output>
        </test-method> <!-- setUp -->
        <test-method is-config="true" signature="setUp()[pri:0, instance:calculator.TranslatorImplTest@6dc17b83]" started-at="2019-10-23T11:43:14Z" name="setUp" finished-at="2019-10-23T11:43:14Z" duration-ms="14" status="PASS">
          <reporter-output>
          </reporter-output>
        </test-method> <!-- setUp -->
        <test-method is-config="true" signature="setUp()[pri:0, instance:calculator.TranslatorImplTest@6dc17b83]" started-at="2019-10-23T11:43:14Z" name="setUp" finished-at="2019-10-23T11:43:14Z" duration-ms="5" status="PASS">
          <reporter-output>
          </reporter-output>
        </test-method> <!-- setUp -->
        <test-method signature="testTranslateDummy()[pri:0, instance:calculator.TranslatorImplTest@6dc17b83]" started-at="2019-10-23T11:43:14Z" name="testTranslateDummy" finished-at="2019-10-23T11:43:14Z" duration-ms="0" status="PASS">
          <reporter-output>
          </reporter-output>
        </test-method> <!-- testTranslateDummy -->
        <test-method is-config="true" signature="setUp()[pri:0, instance:calculator.TranslatorImplTest@6dc17b83]" started-at="2019-10-23T11:43:14Z" name="setUp" finished-at="2019-10-23T11:43:14Z" duration-ms="0" status="PASS">
          <reporter-output>
          </reporter-output>
        </test-method> <!-- setUp -->
        <test-method signature="testTranslateDummy()[pri:0, instance:calculator.TranslatorImplTest@6dc17b83]" started-at="2019-10-23T11:43:14Z" name="testTranslateDummy" finished-at="2019-10-23T11:43:14Z" duration-ms="0" status="PASS">
          <reporter-output>
          </reporter-output>
        </test-method> <!-- testTranslateDummy -->
        <test-method is-config="true" signature="setUp()[pri:0, instance:calculator.TranslatorImplTest@6dc17b83]" started-at="2019-10-23T11:43:14Z" name="setUp" finished-at="2019-10-23T11:43:14Z" duration-ms="0" status="PASS">
          <reporter-output>
          </reporter-output>
        </test-method> <!-- setUp -->
        <test-method signature="testTranslateDummy()[pri:0, instance:calculator.TranslatorImplTest@6dc17b83]" started-at="2019-10-23T11:43:14Z" name="testTranslateDummy" finished-at="2019-10-23T11:43:14Z" duration-ms="0" status="PASS">
          <reporter-output>
          </reporter-output>
        </test-method> <!-- testTranslateDummy -->
        <test-method signature="testTranslateDummy()[pri:0, instance:calculator.TranslatorImplTest@6dc17b83]" started-at="2019-10-23T11:43:14Z" name="testTranslateDummy" finished-at="2019-10-23T11:43:14Z" duration-ms="1" status="PASS">
          <reporter-output>
          </reporter-output>
        </test-method> <!-- testTranslateDummy -->
        <test-method is-config="true" signature="setUp()[pri:0, instance:calculator.TranslatorImplTest@6dc17b83]" started-at="2019-10-23T11:43:14Z" name="setUp" finished-at="2019-10-23T11:43:14Z" duration-ms="0" status="PASS">
          <reporter-output>
          </reporter-output>
        </test-method> <!-- setUp -->
        <test-method is-config="true" signature="setUp()[pri:0, instance:calculator.TranslatorImplTest@6dc17b83]" started-at="2019-10-23T11:43:14Z" name="setUp" finished-at="2019-10-23T11:43:14Z" duration-ms="0" status="PASS">
          <reporter-output>
          </reporter-output>
        </test-method> <!-- setUp -->
        <test-method signature="testTranslateDummy()[pri:0, instance:calculator.TranslatorImplTest@6dc17b83]" started-at="2019-10-23T11:43:14Z" name="testTranslateDummy" finished-at="2019-10-23T11:43:14Z" duration-ms="1" status="PASS">
          <reporter-output>
          </reporter-output>
        </test-method> <!-- testTranslateDummy -->
        <test-method signature="testTranslateDummy()[pri:0, instance:calculator.TranslatorImplTest@6dc17b83]" started-at="2019-10-23T11:43:14Z" name="testTranslateDummy" finished-at="2019-10-23T11:43:14Z" duration-ms="0" status="PASS">
          <reporter-output>
          </reporter-output>
        </test-method> <!-- testTranslateDummy -->
        <test-method is-config="true" signature="setUp()[pri:0, instance:calculator.TranslatorImplTest@6dc17b83]" started-at="2019-10-23T11:43:14Z" name="setUp" finished-at="2019-10-23T11:43:14Z" duration-ms="0" status="PASS">
          <reporter-output>
          </reporter-output>
        </test-method> <!-- setUp -->
        <test-method signature="testTranslateDummy()[pri:0, instance:calculator.TranslatorImplTest@6dc17b83]" started-at="2019-10-23T11:43:14Z" name="testTranslateDummy" finished-at="2019-10-23T11:43:14Z" duration-ms="4" status="PASS">
          <reporter-output>
          </reporter-output>
        </test-method> <!-- testTranslateDummy -->
        <test-method signature="testTranslateDummy()[pri:0, instance:calculator.TranslatorImplTest@6dc17b83]" started-at="2019-10-23T11:43:14Z" name="testTranslateDummy" finished-at="2019-10-23T11:43:14Z" duration-ms="5" status="PASS">
          <reporter-output>
          </reporter-output>
        </test-method> <!-- testTranslateDummy -->
        <test-method signature="testTranslateDummy()[pri:0, instance:calculator.TranslatorImplTest@6dc17b83]" started-at="2019-10-23T11:43:14Z" name="testTranslateDummy" finished-at="2019-10-23T11:43:14Z" duration-ms="0" status="PASS">
          <reporter-output>
          </reporter-output>
        </test-method> <!-- testTranslateDummy -->
        <test-method signature="testTranslateDummy()[pri:0, instance:calculator.TranslatorImplTest@6dc17b83]" started-at="2019-10-23T11:43:14Z" name="testTranslateDummy" finished-at="2019-10-23T11:43:14Z" duration-ms="5" status="PASS">
          <reporter-output>
          </reporter-output>
        </test-method> <!-- testTranslateDummy -->
        <test-method is-config="true" signature="setUp()[pri:0, instance:calculator.TranslatorImplTest@6dc17b83]" started-at="2019-10-23T11:43:14Z" name="setUp" finished-at="2019-10-23T11:43:14Z" duration-ms="0" status="PASS">
          <reporter-output>
          </reporter-output>
        </test-method> <!-- setUp -->
        <test-method is-config="true" signature="setUp()[pri:0, instance:calculator.TranslatorImplTest@6dc17b83]" started-at="2019-10-23T11:43:14Z" name="setUp" finished-at="2019-10-23T11:43:14Z" duration-ms="0" status="PASS">
          <reporter-output>
          </reporter-output>
        </test-method> <!-- setUp -->
        <test-method is-config="true" signature="setUp()[pri:0, instance:calculator.TranslatorImplTest@6dc17b83]" started-at="2019-10-23T11:43:14Z" name="setUp" finished-at="2019-10-23T11:43:14Z" duration-ms="0" status="PASS">
          <reporter-output>
          </reporter-output>
        </test-method> <!-- setUp -->
        <test-method signature="testTranslateDummy()[pri:0, instance:calculator.TranslatorImplTest@6dc17b83]" started-at="2019-10-23T11:43:14Z" name="testTranslateDummy" finished-at="2019-10-23T11:43:14Z" duration-ms="0" status="PASS">
          <reporter-output>
          </reporter-output>
        </test-method> <!-- testTranslateDummy -->
        <test-method is-config="true" signature="setUp()[pri:0, instance:calculator.TranslatorImplTest@6dc17b83]" started-at="2019-10-23T11:43:14Z" name="setUp" finished-at="2019-10-23T11:43:14Z" duration-ms="1" status="PASS">
          <reporter-output>
          </reporter-output>
        </test-method> <!-- setUp -->
        <test-method signature="testTranslateDummy()[pri:0, instance:calculator.TranslatorImplTest@6dc17b83]" started-at="2019-10-23T11:43:14Z" name="testTranslateDummy" finished-at="2019-10-23T11:43:14Z" duration-ms="2" status="PASS">
          <reporter-output>
          </reporter-output>
        </test-method> <!-- testTranslateDummy -->
        <test-method is-config="true" signature="setUp()[pri:0, instance:calculator.TranslatorImplTest@6dc17b83]" started-at="2019-10-23T11:43:14Z" name="setUp" finished-at="2019-10-23T11:43:14Z" duration-ms="0" status="PASS">
          <reporter-output>
          </reporter-output>
        </test-method> <!-- setUp -->
        <test-method signature="testTranslateDummy()[pri:0, instance:calculator.TranslatorImplTest@6dc17b83]" started-at="2019-10-23T11:43:14Z" name="testTranslateDummy" finished-at="2019-10-23T11:43:14Z" duration-ms="1" status="PASS">
          <reporter-output>
          </reporter-output>
        </test-method> <!-- testTranslateDummy -->
        <test-method signature="testTranslateDummy()[pri:0, instance:calculator.TranslatorImplTest@6dc17b83]" started-at="2019-10-23T11:43:14Z" name="testTranslateDummy" finished-at="2019-10-23T11:43:14Z" duration-ms="1" status="PASS">
          <reporter-output>
          </reporter-output>
        </test-method> <!-- testTranslateDummy -->
        <test-method is-config="true" signature="setUp()[pri:0, instance:calculator.TranslatorImplTest@6dc17b83]" started-at="2019-10-23T11:43:14Z" name="setUp" finished-at="2019-10-23T11:43:14Z" duration-ms="0" status="PASS">
          <reporter-output>
          </reporter-output>
        </test-method> <!-- setUp -->
        <test-method signature="testTranslateDummy()[pri:0, instance:calculator.TranslatorImplTest@6dc17b83]" started-at="2019-10-23T11:43:14Z" name="testTranslateDummy" finished-at="2019-10-23T11:43:14Z" duration-ms="0" status="PASS">
          <reporter-output>
          </reporter-output>
        </test-method> <!-- testTranslateDummy -->
        <test-method signature="testTranslateDummy()[pri:0, instance:calculator.TranslatorImplTest@6dc17b83]" started-at="2019-10-23T11:43:14Z" name="testTranslateDummy" finished-at="2019-10-23T11:43:14Z" duration-ms="0" status="PASS">
          <reporter-output>
          </reporter-output>
        </test-method> <!-- testTranslateDummy -->
        <test-method is-config="true" signature="setUp()[pri:0, instance:calculator.TranslatorImplTest@6dc17b83]" started-at="2019-10-23T11:43:14Z" name="setUp" finished-at="2019-10-23T11:43:14Z" duration-ms="1" status="PASS">
          <reporter-output>
          </reporter-output>
        </test-method> <!-- setUp -->
        <test-method is-config="true" signature="setUp()[pri:0, instance:calculator.TranslatorImplTest@6dc17b83]" started-at="2019-10-23T11:43:14Z" name="setUp" finished-at="2019-10-23T11:43:14Z" duration-ms="0" status="PASS">
          <reporter-output>
          </reporter-output>
        </test-method> <!-- setUp -->
        <test-method is-config="true" signature="setUp()[pri:0, instance:calculator.TranslatorImplTest@6dc17b83]" started-at="2019-10-23T11:43:14Z" name="setUp" finished-at="2019-10-23T11:43:14Z" duration-ms="0" status="PASS">
          <reporter-output>
          </reporter-output>
        </test-method> <!-- setUp -->
        <test-method signature="testTranslateDummy()[pri:0, instance:calculator.TranslatorImplTest@6dc17b83]" started-at="2019-10-23T11:43:14Z" name="testTranslateDummy" finished-at="2019-10-23T11:43:14Z" duration-ms="0" status="PASS">
          <reporter-output>
          </reporter-output>
        </test-method> <!-- testTranslateDummy -->
        <test-method is-config="true" signature="setUp()[pri:0, instance:calculator.TranslatorImplTest@6dc17b83]" started-at="2019-10-23T11:43:14Z" name="setUp" finished-at="2019-10-23T11:43:14Z" duration-ms="0" status="PASS">
          <reporter-output>
          </reporter-output>
        </test-method> <!-- setUp -->
        <test-method signature="testTranslateDummy()[pri:0, instance:calculator.TranslatorImplTest@6dc17b83]" started-at="2019-10-23T11:43:14Z" name="testTranslateDummy" finished-at="2019-10-23T11:43:14Z" duration-ms="1" status="PASS">
          <reporter-output>
          </reporter-output>
        </test-method> <!-- testTranslateDummy -->
        <test-method is-config="true" signature="setUp()[pri:0, instance:calculator.TranslatorImplTest@6dc17b83]" started-at="2019-10-23T11:43:14Z" name="setUp" finished-at="2019-10-23T11:43:14Z" duration-ms="1" status="PASS">
          <reporter-output>
          </reporter-output>
        </test-method> <!-- setUp -->
        <test-method is-config="true" signature="setUp()[pri:0, instance:calculator.TranslatorImplTest@6dc17b83]" started-at="2019-10-23T11:43:14Z" name="setUp" finished-at="2019-10-23T11:43:14Z" duration-ms="0" status="PASS">
          <reporter-output>
          </reporter-output>
        </test-method> <!-- setUp -->
        <test-method signature="testTranslateDummy()[pri:0, instance:calculator.TranslatorImplTest@6dc17b83]" started-at="2019-10-23T11:43:14Z" name="testTranslateDummy" finished-at="2019-10-23T11:43:14Z" duration-ms="0" status="PASS">
          <reporter-output>
          </reporter-output>
        </test-method> <!-- testTranslateDummy -->
        <test-method is-config="true" signature="setUp()[pri:0, instance:calculator.TranslatorImplTest@6dc17b83]" started-at="2019-10-23T11:43:14Z" name="setUp" finished-at="2019-10-23T11:43:14Z" duration-ms="0" status="PASS">
          <reporter-output>
          </reporter-output>
        </test-method> <!-- setUp -->
        <test-method signature="testTranslateDummy()[pri:0, instance:calculator.TranslatorImplTest@6dc17b83]" started-at="2019-10-23T11:43:14Z" name="testTranslateDummy" finished-at="2019-10-23T11:43:14Z" duration-ms="0" status="PASS">
          <reporter-output>
          </reporter-output>
        </test-method> <!-- testTranslateDummy -->
        <test-method is-config="true" signature="setUp()[pri:0, instance:calculator.TranslatorImplTest@6dc17b83]" started-at="2019-10-23T11:43:14Z" name="setUp" finished-at="2019-10-23T11:43:14Z" duration-ms="0" status="PASS">
          <reporter-output>
          </reporter-output>
        </test-method> <!-- setUp -->
        <test-method signature="testTranslateDummy()[pri:0, instance:calculator.TranslatorImplTest@6dc17b83]" started-at="2019-10-23T11:43:14Z" name="testTranslateDummy" finished-at="2019-10-23T11:43:14Z" duration-ms="0" status="PASS">
          <reporter-output>
          </reporter-output>
        </test-method> <!-- testTranslateDummy -->
        <test-method signature="testTranslateDummy()[pri:0, instance:calculator.TranslatorImplTest@6dc17b83]" started-at="2019-10-23T11:43:14Z" name="testTranslateDummy" finished-at="2019-10-23T11:43:14Z" duration-ms="0" status="PASS">
          <reporter-output>
          </reporter-output>
        </test-method> <!-- testTranslateDummy -->
        <test-method is-config="true" signature="setUp()[pri:0, instance:calculator.TranslatorImplTest@6dc17b83]" started-at="2019-10-23T11:43:14Z" name="setUp" finished-at="2019-10-23T11:43:14Z" duration-ms="9" status="PASS">
          <reporter-output>
          </reporter-output>
        </test-method> <!-- setUp -->
        <test-method signature="testTranslateDummy()[pri:0, instance:calculator.TranslatorImplTest@6dc17b83]" started-at="2019-10-23T11:43:14Z" name="testTranslateDummy" finished-at="2019-10-23T11:43:14Z" duration-ms="2" status="PASS">
          <reporter-output>
          </reporter-output>
        </test-method> <!-- testTranslateDummy -->
        <test-method is-config="true" signature="setUp()[pri:0, instance:calculator.TranslatorImplTest@6dc17b83]" started-at="2019-10-23T11:43:14Z" name="setUp" finished-at="2019-10-23T11:43:14Z" duration-ms="0" status="PASS">
          <reporter-output>
          </reporter-output>
        </test-method> <!-- setUp -->
        <test-method is-config="true" signature="setUp()[pri:0, instance:calculator.TranslatorImplTest@6dc17b83]" started-at="2019-10-23T11:43:14Z" name="setUp" finished-at="2019-10-23T11:43:14Z" duration-ms="0" status="PASS">
          <reporter-output>
          </reporter-output>
        </test-method> <!-- setUp -->
        <test-method is-config="true" signature="setUp()[pri:0, instance:calculator.TranslatorImplTest@6dc17b83]" started-at="2019-10-23T11:43:14Z" name="setUp" finished-at="2019-10-23T11:43:14Z" duration-ms="0" status="PASS">
          <reporter-output>
          </reporter-output>
        </test-method> <!-- setUp -->
        <test-method signature="testTranslateDummy()[pri:0, instance:calculator.TranslatorImplTest@6dc17b83]" started-at="2019-10-23T11:43:14Z" name="testTranslateDummy" finished-at="2019-10-23T11:43:14Z" duration-ms="0" status="PASS">
          <reporter-output>
          </reporter-output>
        </test-method> <!-- testTranslateDummy -->
        <test-method is-config="true" signature="setUp()[pri:0, instance:calculator.TranslatorImplTest@6dc17b83]" started-at="2019-10-23T11:43:14Z" name="setUp" finished-at="2019-10-23T11:43:14Z" duration-ms="9" status="PASS">
          <reporter-output>
          </reporter-output>
        </test-method> <!-- setUp -->
        <test-method signature="testTranslateDummy()[pri:0, instance:calculator.TranslatorImplTest@6dc17b83]" started-at="2019-10-23T11:43:14Z" name="testTranslateDummy" finished-at="2019-10-23T11:43:14Z" duration-ms="0" status="PASS">
          <reporter-output>
          </reporter-output>
        </test-method> <!-- testTranslateDummy -->
        <test-method signature="testTranslateDummy()[pri:0, instance:calculator.TranslatorImplTest@6dc17b83]" started-at="2019-10-23T11:43:14Z" name="testTranslateDummy" finished-at="2019-10-23T11:43:14Z" duration-ms="0" status="PASS">
          <reporter-output>
          </reporter-output>
        </test-method> <!-- testTranslateDummy -->
        <test-method is-config="true" signature="setUp()[pri:0, instance:calculator.TranslatorImplTest@6dc17b83]" started-at="2019-10-23T11:43:14Z" name="setUp" finished-at="2019-10-23T11:43:14Z" duration-ms="0" status="PASS">
          <reporter-output>
          </reporter-output>
        </test-method> <!-- setUp -->
        <test-method signature="testTranslateDummy()[pri:0, instance:calculator.TranslatorImplTest@6dc17b83]" started-at="2019-10-23T11:43:14Z" name="testTranslateDummy" finished-at="2019-10-23T11:43:14Z" duration-ms="0" status="PASS">
          <reporter-output>
          </reporter-output>
        </test-method> <!-- testTranslateDummy -->
        <test-method is-config="true" signature="setUp()[pri:0, instance:calculator.TranslatorImplTest@6dc17b83]" started-at="2019-10-23T11:43:14Z" name="setUp" finished-at="2019-10-23T11:43:14Z" duration-ms="0" status="PASS">
          <reporter-output>
          </reporter-output>
        </test-method> <!-- setUp -->
        <test-method signature="testTranslateDummy()[pri:0, instance:calculator.TranslatorImplTest@6dc17b83]" started-at="2019-10-23T11:43:14Z" name="testTranslateDummy" finished-at="2019-10-23T11:43:14Z" duration-ms="1" status="PASS">
          <reporter-output>
          </reporter-output>
        </test-method> <!-- testTranslateDummy -->
        <test-method is-config="true" signature="setUp()[pri:0, instance:calculator.TranslatorImplTest@6dc17b83]" started-at="2019-10-23T11:43:14Z" name="setUp" finished-at="2019-10-23T11:43:14Z" duration-ms="0" status="PASS">
          <reporter-output>
          </reporter-output>
        </test-method> <!-- setUp -->
        <test-method signature="testTranslateDummy()[pri:0, instance:calculator.TranslatorImplTest@6dc17b83]" started-at="2019-10-23T11:43:14Z" name="testTranslateDummy" finished-at="2019-10-23T11:43:14Z" duration-ms="0" status="PASS">
          <reporter-output>
          </reporter-output>
        </test-method> <!-- testTranslateDummy -->
        <test-method signature="testTranslateDummy()[pri:0, instance:calculator.TranslatorImplTest@6dc17b83]" started-at="2019-10-23T11:43:14Z" name="testTranslateDummy" finished-at="2019-10-23T11:43:14Z" duration-ms="0" status="PASS">
          <reporter-output>
          </reporter-output>
        </test-method> <!-- testTranslateDummy -->
        <test-method is-config="true" signature="setUp()[pri:0, instance:calculator.TranslatorImplTest@6dc17b83]" started-at="2019-10-23T11:43:14Z" name="setUp" finished-at="2019-10-23T11:43:14Z" duration-ms="0" status="PASS">
          <reporter-output>
          </reporter-output>
        </test-method> <!-- setUp -->
        <test-method is-config="true" signature="setUp()[pri:0, instance:calculator.TranslatorImplTest@6dc17b83]" started-at="2019-10-23T11:43:14Z" name="setUp" finished-at="2019-10-23T11:43:14Z" duration-ms="0" status="PASS">
          <reporter-output>
          </reporter-output>
        </test-method> <!-- setUp -->
        <test-method signature="testTranslateDummy()[pri:0, instance:calculator.TranslatorImplTest@6dc17b83]" started-at="2019-10-23T11:43:14Z" name="testTranslateDummy" finished-at="2019-10-23T11:43:14Z" duration-ms="0" status="PASS">
          <reporter-output>
          </reporter-output>
        </test-method> <!-- testTranslateDummy -->
        <test-method is-config="true" signature="setUp()[pri:0, instance:calculator.TranslatorImplTest@6dc17b83]" started-at="2019-10-23T11:43:14Z" name="setUp" finished-at="2019-10-23T11:43:14Z" duration-ms="0" status="PASS">
          <reporter-output>
          </reporter-output>
        </test-method> <!-- setUp -->
        <test-method signature="testTranslateDummy()[pri:0, instance:calculator.TranslatorImplTest@6dc17b83]" started-at="2019-10-23T11:43:14Z" name="testTranslateDummy" finished-at="2019-10-23T11:43:14Z" duration-ms="1" status="PASS">
          <reporter-output>
          </reporter-output>
        </test-method> <!-- testTranslateDummy -->
        <test-method is-config="true" signature="setUp()[pri:0, instance:calculator.TranslatorImplTest@6dc17b83]" started-at="2019-10-23T11:43:14Z" name="setUp" finished-at="2019-10-23T11:43:14Z" duration-ms="0" status="PASS">
          <reporter-output>
          </reporter-output>
        </test-method> <!-- setUp -->
        <test-method signature="testTranslateDummy()[pri:0, instance:calculator.TranslatorImplTest@6dc17b83]" started-at="2019-10-23T11:43:14Z" name="testTranslateDummy" finished-at="2019-10-23T11:43:14Z" duration-ms="0" status="PASS">
          <reporter-output>
          </reporter-output>
        </test-method> <!-- testTranslateDummy -->
        <test-method is-config="true" signature="setUp()[pri:0, instance:calculator.TranslatorImplTest@6dc17b83]" started-at="2019-10-23T11:43:14Z" name="setUp" finished-at="2019-10-23T11:43:14Z" duration-ms="0" status="PASS">
          <reporter-output>
          </reporter-output>
        </test-method> <!-- setUp -->
        <test-method is-config="true" signature="setUp()[pri:0, instance:calculator.TranslatorImplTest@6dc17b83]" started-at="2019-10-23T11:43:14Z" name="setUp" finished-at="2019-10-23T11:43:14Z" duration-ms="0" status="PASS">
          <reporter-output>
          </reporter-output>
        </test-method> <!-- setUp -->
        <test-method signature="testTranslateDummy()[pri:0, instance:calculator.TranslatorImplTest@6dc17b83]" started-at="2019-10-23T11:43:14Z" name="testTranslateDummy" finished-at="2019-10-23T11:43:14Z" duration-ms="0" status="PASS">
          <reporter-output>
          </reporter-output>
        </test-method> <!-- testTranslateDummy -->
        <test-method signature="testTranslateDummy()[pri:0, instance:calculator.TranslatorImplTest@6dc17b83]" started-at="2019-10-23T11:43:14Z" name="testTranslateDummy" finished-at="2019-10-23T11:43:14Z" duration-ms="0" status="PASS">
          <reporter-output>
          </reporter-output>
        </test-method> <!-- testTranslateDummy -->
        <test-method is-config="true" signature="setUp()[pri:0, instance:calculator.TranslatorImplTest@6dc17b83]" started-at="2019-10-23T11:43:14Z" name="setUp" finished-at="2019-10-23T11:43:14Z" duration-ms="0" status="PASS">
          <reporter-output>
          </reporter-output>
        </test-method> <!-- setUp -->
        <test-method signature="testTranslateDummy()[pri:0, instance:calculator.TranslatorImplTest@6dc17b83]" started-at="2019-10-23T11:43:14Z" name="testTranslateDummy" finished-at="2019-10-23T11:43:14Z" duration-ms="0" status="PASS">
          <reporter-output>
          </reporter-output>
        </test-method> <!-- testTranslateDummy -->
        <test-method is-config="true" signature="setUp()[pri:0, instance:calculator.TranslatorImplTest@6dc17b83]" started-at="2019-10-23T11:43:14Z" name="setUp" finished-at="2019-10-23T11:43:14Z" duration-ms="0" status="PASS">
          <reporter-output>
          </reporter-output>
        </test-method> <!-- setUp -->
        <test-method signature="testTranslateDummy()[pri:0, instance:calculator.TranslatorImplTest@6dc17b83]" started-at="2019-10-23T11:43:14Z" name="testTranslateDummy" finished-at="2019-10-23T11:43:14Z" duration-ms="0" status="PASS">
          <reporter-output>
          </reporter-output>
        </test-method> <!-- testTranslateDummy -->
        <test-method is-config="true" signature="setUp()[pri:0, instance:calculator.TranslatorImplTest@6dc17b83]" started-at="2019-10-23T11:43:14Z" name="setUp" finished-at="2019-10-23T11:43:14Z" duration-ms="0" status="PASS">
          <reporter-output>
          </reporter-output>
        </test-method> <!-- setUp -->
        <test-method is-config="true" signature="setUp()[pri:0, instance:calculator.TranslatorImplTest@6dc17b83]" started-at="2019-10-23T11:43:14Z" name="setUp" finished-at="2019-10-23T11:43:14Z" duration-ms="0" status="PASS">
          <reporter-output>
          </reporter-output>
        </test-method> <!-- setUp -->
        <test-method is-config="true" signature="setUp()[pri:0, instance:calculator.TranslatorImplTest@6dc17b83]" started-at="2019-10-23T11:43:14Z" name="setUp" finished-at="2019-10-23T11:43:14Z" duration-ms="0" status="PASS">
          <reporter-output>
          </reporter-output>
        </test-method> <!-- setUp -->
        <test-method signature="testTranslateDummy()[pri:0, instance:calculator.TranslatorImplTest@6dc17b83]" started-at="2019-10-23T11:43:14Z" name="testTranslateDummy" finished-at="2019-10-23T11:43:14Z" duration-ms="0" status="PASS">
          <reporter-output>
          </reporter-output>
        </test-method> <!-- testTranslateDummy -->
        <test-method signature="testTranslateDummy()[pri:0, instance:calculator.TranslatorImplTest@6dc17b83]" started-at="2019-10-23T11:43:14Z" name="testTranslateDummy" finished-at="2019-10-23T11:43:14Z" duration-ms="0" status="PASS">
          <reporter-output>
          </reporter-output>
        </test-method> <!-- testTranslateDummy -->
        <test-method signature="testTranslateDummy()[pri:0, instance:calculator.TranslatorImplTest@6dc17b83]" started-at="2019-10-23T11:43:14Z" name="testTranslateDummy" finished-at="2019-10-23T11:43:14Z" duration-ms="0" status="PASS">
          <reporter-output>
          </reporter-output>
        </test-method> <!-- testTranslateDummy -->
        <test-method is-config="true" signature="setUp()[pri:0, instance:calculator.TranslatorImplTest@6dc17b83]" started-at="2019-10-23T11:43:14Z" name="setUp" finished-at="2019-10-23T11:43:14Z" duration-ms="0" status="PASS">
          <reporter-output>
          </reporter-output>
        </test-method> <!-- setUp -->
        <test-method is-config="true" signature="setUp()[pri:0, instance:calculator.TranslatorImplTest@6dc17b83]" started-at="2019-10-23T11:43:14Z" name="setUp" finished-at="2019-10-23T11:43:14Z" duration-ms="0" status="PASS">
          <reporter-output>
          </reporter-output>
        </test-method> <!-- setUp -->
        <test-method signature="testTranslateDummy()[pri:0, instance:calculator.TranslatorImplTest@6dc17b83]" started-at="2019-10-23T11:43:14Z" name="testTranslateDummy" finished-at="2019-10-23T11:43:14Z" duration-ms="0" status="PASS">
          <reporter-output>
          </reporter-output>
        </test-method> <!-- testTranslateDummy -->
        <test-method is-config="true" signature="setUp()[pri:0, instance:calculator.TranslatorImplTest@6dc17b83]" started-at="2019-10-23T11:43:14Z" name="setUp" finished-at="2019-10-23T11:43:14Z" duration-ms="0" status="PASS">
          <reporter-output>
          </reporter-output>
        </test-method> <!-- setUp -->
        <test-method is-config="true" signature="setUp()[pri:0, instance:calculator.TranslatorImplTest@6dc17b83]" started-at="2019-10-23T11:43:14Z" name="setUp" finished-at="2019-10-23T11:43:14Z" duration-ms="0" status="PASS">
          <reporter-output>
          </reporter-output>
        </test-method> <!-- setUp -->
        <test-method signature="testTranslateDummy()[pri:0, instance:calculator.TranslatorImplTest@6dc17b83]" started-at="2019-10-23T11:43:14Z" name="testTranslateDummy" finished-at="2019-10-23T11:43:14Z" duration-ms="0" status="PASS">
          <reporter-output>
          </reporter-output>
        </test-method> <!-- testTranslateDummy -->
        <test-method is-config="true" signature="setUp()[pri:0, instance:calculator.TranslatorImplTest@6dc17b83]" started-at="2019-10-23T11:43:14Z" name="setUp" finished-at="2019-10-23T11:43:14Z" duration-ms="1" status="PASS">
          <reporter-output>
          </reporter-output>
        </test-method> <!-- setUp -->
        <test-method is-config="true" signature="setUp()[pri:0, instance:calculator.TranslatorImplTest@6dc17b83]" started-at="2019-10-23T11:43:14Z" name="setUp" finished-at="2019-10-23T11:43:14Z" duration-ms="0" status="PASS">
          <reporter-output>
          </reporter-output>
        </test-method> <!-- setUp -->
        <test-method signature="testTranslateDummy()[pri:0, instance:calculator.TranslatorImplTest@6dc17b83]" started-at="2019-10-23T11:43:14Z" name="testTranslateDummy" finished-at="2019-10-23T11:43:14Z" duration-ms="0" status="PASS">
          <reporter-output>
          </reporter-output>
        </test-method> <!-- testTranslateDummy -->
        <test-method signature="testTranslateDummy()[pri:0, instance:calculator.TranslatorImplTest@6dc17b83]" started-at="2019-10-23T11:43:14Z" name="testTranslateDummy" finished-at="2019-10-23T11:43:14Z" duration-ms="0" status="PASS">
          <reporter-output>
          </reporter-output>
        </test-method> <!-- testTranslateDummy -->
        <test-method is-config="true" signature="setUp()[pri:0, instance:calculator.TranslatorImplTest@6dc17b83]" started-at="2019-10-23T11:43:14Z" name="setUp" finished-at="2019-10-23T11:43:14Z" duration-ms="0" status="PASS">
          <reporter-output>
          </reporter-output>
        </test-method> <!-- setUp -->
        <test-method signature="testTranslateDummy()[pri:0, instance:calculator.TranslatorImplTest@6dc17b83]" started-at="2019-10-23T11:43:14Z" name="testTranslateDummy" finished-at="2019-10-23T11:43:14Z" duration-ms="0" status="PASS">
          <reporter-output>
          </reporter-output>
        </test-method> <!-- testTranslateDummy -->
        <test-method signature="testTranslateDummy()[pri:0, instance:calculator.TranslatorImplTest@6dc17b83]" started-at="2019-10-23T11:43:14Z" name="testTranslateDummy" finished-at="2019-10-23T11:43:14Z" duration-ms="0" status="PASS">
          <reporter-output>
          </reporter-output>
        </test-method> <!-- testTranslateDummy -->
        <test-method signature="testTranslateDummy()[pri:0, instance:calculator.TranslatorImplTest@6dc17b83]" started-at="2019-10-23T11:43:14Z" name="testTranslateDummy" finished-at="2019-10-23T11:43:14Z" duration-ms="0" status="PASS">
          <reporter-output>
          </reporter-output>
        </test-method> <!-- testTranslateDummy -->
        <test-method is-config="true" signature="setUp()[pri:0, instance:calculator.TranslatorImplTest@6dc17b83]" started-at="2019-10-23T11:43:14Z" name="setUp" finished-at="2019-10-23T11:43:14Z" duration-ms="0" status="PASS">
          <reporter-output>
          </reporter-output>
        </test-method> <!-- setUp -->
        <test-method signature="testTranslateDummy()[pri:0, instance:calculator.TranslatorImplTest@6dc17b83]" started-at="2019-10-23T11:43:14Z" name="testTranslateDummy" finished-at="2019-10-23T11:43:14Z" duration-ms="0" status="PASS">
          <reporter-output>
          </reporter-output>
        </test-method> <!-- testTranslateDummy -->
        <test-method signature="testTranslateDummy()[pri:0, instance:calculator.TranslatorImplTest@6dc17b83]" started-at="2019-10-23T11:43:14Z" name="testTranslateDummy" finished-at="2019-10-23T11:43:14Z" duration-ms="2" status="PASS">
          <reporter-output>
          </reporter-output>
        </test-method> <!-- testTranslateDummy -->
        <test-method is-config="true" signature="setUp()[pri:0, instance:calculator.TranslatorImplTest@6dc17b83]" started-at="2019-10-23T11:43:14Z" name="setUp" finished-at="2019-10-23T11:43:14Z" duration-ms="0" status="PASS">
          <reporter-output>
          </reporter-output>
        </test-method> <!-- setUp -->
        <test-method is-config="true" signature="setUp()[pri:0, instance:calculator.TranslatorImplTest@6dc17b83]" started-at="2019-10-23T11:43:14Z" name="setUp" finished-at="2019-10-23T11:43:14Z" duration-ms="0" status="PASS">
          <reporter-output>
          </reporter-output>
        </test-method> <!-- setUp -->
        <test-method signature="testTranslateDummy()[pri:0, instance:calculator.TranslatorImplTest@6dc17b83]" started-at="2019-10-23T11:43:14Z" name="testTranslateDummy" finished-at="2019-10-23T11:43:14Z" duration-ms="1" status="PASS">
          <reporter-output>
          </reporter-output>
        </test-method> <!-- testTranslateDummy -->
        <test-method signature="testTranslateDummy()[pri:0, instance:calculator.TranslatorImplTest@6dc17b83]" started-at="2019-10-23T11:43:14Z" name="testTranslateDummy" finished-at="2019-10-23T11:43:14Z" duration-ms="0" status="PASS">
          <reporter-output>
          </reporter-output>
        </test-method> <!-- testTranslateDummy -->
        <test-method signature="testTranslateDummy()[pri:0, instance:calculator.TranslatorImplTest@6dc17b83]" started-at="2019-10-23T11:43:14Z" name="testTranslateDummy" finished-at="2019-10-23T11:43:14Z" duration-ms="0" status="PASS">
          <reporter-output>
          </reporter-output>
        </test-method> <!-- testTranslateDummy -->
        <test-method is-config="true" signature="setUp()[pri:0, instance:calculator.TranslatorImplTest@6dc17b83]" started-at="2019-10-23T11:43:14Z" name="setUp" finished-at="2019-10-23T11:43:14Z" duration-ms="0" status="PASS">
          <reporter-output>
          </reporter-output>
        </test-method> <!-- setUp -->
        <test-method is-config="true" signature="setUp()[pri:0, instance:calculator.TranslatorImplTest@6dc17b83]" started-at="2019-10-23T11:43:14Z" name="setUp" finished-at="2019-10-23T11:43:14Z" duration-ms="1" status="PASS">
          <reporter-output>
          </reporter-output>
        </test-method> <!-- setUp -->
        <test-method is-config="true" signature="setUp()[pri:0, instance:calculator.TranslatorImplTest@6dc17b83]" started-at="2019-10-23T11:43:14Z" name="setUp" finished-at="2019-10-23T11:43:14Z" duration-ms="2" status="PASS">
          <reporter-output>
          </reporter-output>
        </test-method> <!-- setUp -->
        <test-method signature="testTranslateDummy()[pri:0, instance:calculator.TranslatorImplTest@6dc17b83]" started-at="2019-10-23T11:43:14Z" name="testTranslateDummy" finished-at="2019-10-23T11:43:14Z" duration-ms="1" status="PASS">
          <reporter-output>
          </reporter-output>
        </test-method> <!-- testTranslateDummy -->
        <test-method signature="testTranslateDummy()[pri:0, instance:calculator.TranslatorImplTest@6dc17b83]" started-at="2019-10-23T11:43:14Z" name="testTranslateDummy" finished-at="2019-10-23T11:43:14Z" duration-ms="0" status="PASS">
          <reporter-output>
          </reporter-output>
        </test-method> <!-- testTranslateDummy -->
        <test-method is-config="true" signature="setUp()[pri:0, instance:calculator.TranslatorImplTest@6dc17b83]" started-at="2019-10-23T11:43:14Z" name="setUp" finished-at="2019-10-23T11:43:14Z" duration-ms="0" status="PASS">
          <reporter-output>
          </reporter-output>
        </test-method> <!-- setUp -->
        <test-method is-config="true" signature="setUp()[pri:0, instance:calculator.TranslatorImplTest@6dc17b83]" started-at="2019-10-23T11:43:14Z" name="setUp" finished-at="2019-10-23T11:43:14Z" duration-ms="0" status="PASS">
          <reporter-output>
          </reporter-output>
        </test-method> <!-- setUp -->
        <test-method signature="testTranslateDummy()[pri:0, instance:calculator.TranslatorImplTest@6dc17b83]" started-at="2019-10-23T11:43:14Z" name="testTranslateDummy" finished-at="2019-10-23T11:43:14Z" duration-ms="0" status="PASS">
          <reporter-output>
          </reporter-output>
        </test-method> <!-- testTranslateDummy -->
        <test-method signature="testTranslateDummy()[pri:0, instance:calculator.TranslatorImplTest@6dc17b83]" started-at="2019-10-23T11:43:14Z" name="testTranslateDummy" finished-at="2019-10-23T11:43:14Z" duration-ms="0" status="PASS">
          <reporter-output>
          </reporter-output>
        </test-method> <!-- testTranslateDummy -->
        <test-method is-config="true" signature="setUp()[pri:0, instance:calculator.TranslatorImplTest@6dc17b83]" started-at="2019-10-23T11:43:14Z" name="setUp" finished-at="2019-10-23T11:43:14Z" duration-ms="0" status="PASS">
          <reporter-output>
          </reporter-output>
        </test-method> <!-- setUp -->
        <test-method signature="testTranslateDummy()[pri:0, instance:calculator.TranslatorImplTest@6dc17b83]" started-at="2019-10-23T11:43:14Z" name="testTranslateDummy" finished-at="2019-10-23T11:43:14Z" duration-ms="0" status="PASS">
          <reporter-output>
          </reporter-output>
        </test-method> <!-- testTranslateDummy -->
        <test-method signature="testTranslateDummy()[pri:0, instance:calculator.TranslatorImplTest@6dc17b83]" started-at="2019-10-23T11:43:14Z" name="testTranslateDummy" finished-at="2019-10-23T11:43:14Z" duration-ms="0" status="PASS">
          <reporter-output>
          </reporter-output>
        </test-method> <!-- testTranslateDummy -->
        <test-method is-config="true" signature="setUp()[pri:0, instance:calculator.TranslatorImplTest@6dc17b83]" started-at="2019-10-23T11:43:14Z" name="setUp" finished-at="2019-10-23T11:43:14Z" duration-ms="2" status="PASS">
          <reporter-output>
          </reporter-output>
        </test-method> <!-- setUp -->
        <test-method signature="testTranslateDummy()[pri:0, instance:calculator.TranslatorImplTest@6dc17b83]" started-at="2019-10-23T11:43:14Z" name="testTranslateDummy" finished-at="2019-10-23T11:43:14Z" duration-ms="0" status="PASS">
          <reporter-output>
          </reporter-output>
        </test-method> <!-- testTranslateDummy -->
        <test-method is-config="true" signature="setUp()[pri:0, instance:calculator.TranslatorImplTest@6dc17b83]" started-at="2019-10-23T11:43:14Z" name="setUp" finished-at="2019-10-23T11:43:14Z" duration-ms="0" status="PASS">
          <reporter-output>
          </reporter-output>
        </test-method> <!-- setUp -->
        <test-method is-config="true" signature="setUp()[pri:0, instance:calculator.TranslatorImplTest@6dc17b83]" started-at="2019-10-23T11:43:14Z" name="setUp" finished-at="2019-10-23T11:43:14Z" duration-ms="1" status="PASS">
          <reporter-output>
          </reporter-output>
        </test-method> <!-- setUp -->
        <test-method signature="testTranslateDummy()[pri:0, instance:calculator.TranslatorImplTest@6dc17b83]" started-at="2019-10-23T11:43:14Z" name="testTranslateDummy" finished-at="2019-10-23T11:43:14Z" duration-ms="0" status="PASS">
          <reporter-output>
          </reporter-output>
        </test-method> <!-- testTranslateDummy -->
        <test-method signature="testTranslateDummy()[pri:0, instance:calculator.TranslatorImplTest@6dc17b83]" started-at="2019-10-23T11:43:14Z" name="testTranslateDummy" finished-at="2019-10-23T11:43:14Z" duration-ms="0" status="PASS">
          <reporter-output>
          </reporter-output>
        </test-method> <!-- testTranslateDummy -->
        <test-method signature="testTranslateDummy()[pri:0, instance:calculator.TranslatorImplTest@6dc17b83]" started-at="2019-10-23T11:43:14Z" name="testTranslateDummy" finished-at="2019-10-23T11:43:14Z" duration-ms="0" status="PASS">
          <reporter-output>
          </reporter-output>
        </test-method> <!-- testTranslateDummy -->
        <test-method is-config="true" signature="setUp()[pri:0, instance:calculator.TranslatorImplTest@6dc17b83]" started-at="2019-10-23T11:43:14Z" name="setUp" finished-at="2019-10-23T11:43:14Z" duration-ms="0" status="PASS">
          <reporter-output>
          </reporter-output>
        </test-method> <!-- setUp -->
        <test-method is-config="true" signature="setUp()[pri:0, instance:calculator.TranslatorImplTest@6dc17b83]" started-at="2019-10-23T11:43:14Z" name="setUp" finished-at="2019-10-23T11:43:14Z" duration-ms="0" status="PASS">
          <reporter-output>
          </reporter-output>
        </test-method> <!-- setUp -->
        <test-method is-config="true" signature="setUp()[pri:0, instance:calculator.TranslatorImplTest@6dc17b83]" started-at="2019-10-23T11:43:14Z" name="setUp" finished-at="2019-10-23T11:43:14Z" duration-ms="0" status="PASS">
          <reporter-output>
          </reporter-output>
        </test-method> <!-- setUp -->
        <test-method is-config="true" signature="setUp()[pri:0, instance:calculator.TranslatorImplTest@6dc17b83]" started-at="2019-10-23T11:43:14Z" name="setUp" finished-at="2019-10-23T11:43:14Z" duration-ms="0" status="PASS">
          <reporter-output>
          </reporter-output>
        </test-method> <!-- setUp -->
        <test-method is-config="true" signature="setUp()[pri:0, instance:calculator.TranslatorImplTest@6dc17b83]" started-at="2019-10-23T11:43:14Z" name="setUp" finished-at="2019-10-23T11:43:14Z" duration-ms="0" status="PASS">
          <reporter-output>
          </reporter-output>
        </test-method> <!-- setUp -->
        <test-method signature="testTranslateDummy()[pri:0, instance:calculator.TranslatorImplTest@6dc17b83]" started-at="2019-10-23T11:43:14Z" name="testTranslateDummy" finished-at="2019-10-23T11:43:14Z" duration-ms="1" status="PASS">
          <reporter-output>
          </reporter-output>
        </test-method> <!-- testTranslateDummy -->
        <test-method signature="testTranslateDummy()[pri:0, instance:calculator.TranslatorImplTest@6dc17b83]" started-at="2019-10-23T11:43:14Z" name="testTranslateDummy" finished-at="2019-10-23T11:43:14Z" duration-ms="2" status="PASS">
          <reporter-output>
          </reporter-output>
        </test-method> <!-- testTranslateDummy -->
        <test-method signature="testTranslateDummy()[pri:0, instance:calculator.TranslatorImplTest@6dc17b83]" started-at="2019-10-23T11:43:14Z" name="testTranslateDummy" finished-at="2019-10-23T11:43:14Z" duration-ms="3" status="PASS">
          <reporter-output>
          </reporter-output>
        </test-method> <!-- testTranslateDummy -->
        <test-method signature="testTranslateDummy()[pri:0, instance:calculator.TranslatorImplTest@6dc17b83]" started-at="2019-10-23T11:43:14Z" name="testTranslateDummy" finished-at="2019-10-23T11:43:14Z" duration-ms="3" status="PASS">
          <reporter-output>
          </reporter-output>
        </test-method> <!-- testTranslateDummy -->
        <test-method is-config="true" signature="setUp()[pri:0, instance:calculator.TranslatorImplTest@6dc17b83]" started-at="2019-10-23T11:43:14Z" name="setUp" finished-at="2019-10-23T11:43:14Z" duration-ms="1" status="PASS">
          <reporter-output>
          </reporter-output>
        </test-method> <!-- setUp -->
        <test-method is-config="true" signature="setUp()[pri:0, instance:calculator.TranslatorImplTest@6dc17b83]" started-at="2019-10-23T11:43:14Z" name="setUp" finished-at="2019-10-23T11:43:14Z" duration-ms="0" status="PASS">
          <reporter-output>
          </reporter-output>
        </test-method> <!-- setUp -->
        <test-method signature="testTranslateDummy()[pri:0, instance:calculator.TranslatorImplTest@6dc17b83]" started-at="2019-10-23T11:43:14Z" name="testTranslateDummy" finished-at="2019-10-23T11:43:14Z" duration-ms="0" status="PASS">
          <reporter-output>
          </reporter-output>
        </test-method> <!-- testTranslateDummy -->
        <test-method is-config="true" signature="setUp()[pri:0, instance:calculator.TranslatorImplTest@6dc17b83]" started-at="2019-10-23T11:43:14Z" name="setUp" finished-at="2019-10-23T11:43:14Z" duration-ms="0" status="PASS">
          <reporter-output>
          </reporter-output>
        </test-method> <!-- setUp -->
        <test-method signature="testTranslateDummy()[pri:0, instance:calculator.TranslatorImplTest@6dc17b83]" started-at="2019-10-23T11:43:14Z" name="testTranslateDummy" finished-at="2019-10-23T11:43:14Z" duration-ms="0" status="PASS">
          <reporter-output>
          </reporter-output>
        </test-method> <!-- testTranslateDummy -->
        <test-method signature="testTranslateDummy()[pri:0, instance:calculator.TranslatorImplTest@6dc17b83]" started-at="2019-10-23T11:43:14Z" name="testTranslateDummy" finished-at="2019-10-23T11:43:14Z" duration-ms="0" status="PASS">
          <reporter-output>
          </reporter-output>
        </test-method> <!-- testTranslateDummy -->
        <test-method is-config="true" signature="setUp()[pri:0, instance:calculator.TranslatorImplTest@6dc17b83]" started-at="2019-10-23T11:43:14Z" name="setUp" finished-at="2019-10-23T11:43:14Z" duration-ms="0" status="PASS">
          <reporter-output>
          </reporter-output>
        </test-method> <!-- setUp -->
        <test-method signature="testTranslateDummy()[pri:0, instance:calculator.TranslatorImplTest@6dc17b83]" started-at="2019-10-23T11:43:14Z" name="testTranslateDummy" finished-at="2019-10-23T11:43:14Z" duration-ms="11" status="PASS">
          <reporter-output>
          </reporter-output>
        </test-method> <!-- testTranslateDummy -->
        <test-method is-config="true" signature="setUp()[pri:0, instance:calculator.TranslatorImplTest@6dc17b83]" started-at="2019-10-23T11:43:14Z" name="setUp" finished-at="2019-10-23T11:43:14Z" duration-ms="0" status="PASS">
          <reporter-output>
          </reporter-output>
        </test-method> <!-- setUp -->
        <test-method signature="testTranslateDummy()[pri:0, instance:calculator.TranslatorImplTest@6dc17b83]" started-at="2019-10-23T11:43:14Z" name="testTranslateDummy" finished-at="2019-10-23T11:43:14Z" duration-ms="0" status="PASS">
          <reporter-output>
          </reporter-output>
        </test-method> <!-- testTranslateDummy -->
        <test-method is-config="true" signature="setUp()[pri:0, instance:calculator.TranslatorImplTest@6dc17b83]" started-at="2019-10-23T11:43:14Z" name="setUp" finished-at="2019-10-23T11:43:14Z" duration-ms="1" status="PASS">
          <reporter-output>
          </reporter-output>
        </test-method> <!-- setUp -->
        <test-method signature="testTranslateDummy()[pri:0, instance:calculator.TranslatorImplTest@6dc17b83]" started-at="2019-10-23T11:43:14Z" name="testTranslateDummy" finished-at="2019-10-23T11:43:14Z" duration-ms="10" status="PASS">
          <reporter-output>
          </reporter-output>
        </test-method> <!-- testTranslateDummy -->
        <test-method signature="testTranslateDummy()[pri:0, instance:calculator.TranslatorImplTest@6dc17b83]" started-at="2019-10-23T11:43:14Z" name="testTranslateDummy" finished-at="2019-10-23T11:43:14Z" duration-ms="10" status="PASS">
          <reporter-output>
          </reporter-output>
        </test-method> <!-- testTranslateDummy -->
        <test-method is-config="true" signature="setUp()[pri:0, instance:calculator.TranslatorImplTest@6dc17b83]" started-at="2019-10-23T11:43:14Z" name="setUp" finished-at="2019-10-23T11:43:14Z" duration-ms="0" status="PASS">
          <reporter-output>
          </reporter-output>
        </test-method> <!-- setUp -->
        <test-method is-config="true" signature="setUp()[pri:0, instance:calculator.TranslatorImplTest@6dc17b83]" started-at="2019-10-23T11:43:14Z" name="setUp" finished-at="2019-10-23T11:43:14Z" duration-ms="0" status="PASS">
          <reporter-output>
          </reporter-output>
        </test-method> <!-- setUp -->
        <test-method is-config="true" signature="setUp()[pri:0, instance:calculator.TranslatorImplTest@6dc17b83]" started-at="2019-10-23T11:43:14Z" name="setUp" finished-at="2019-10-23T11:43:14Z" duration-ms="0" status="PASS">
          <reporter-output>
          </reporter-output>
        </test-method> <!-- setUp -->
        <test-method signature="testTranslateDummy()[pri:0, instance:calculator.TranslatorImplTest@6dc17b83]" started-at="2019-10-23T11:43:14Z" name="testTranslateDummy" finished-at="2019-10-23T11:43:14Z" duration-ms="0" status="PASS">
          <reporter-output>
          </reporter-output>
        </test-method> <!-- testTranslateDummy -->
        <test-method signature="testTranslateDummy()[pri:0, instance:calculator.TranslatorImplTest@6dc17b83]" started-at="2019-10-23T11:43:14Z" name="testTranslateDummy" finished-at="2019-10-23T11:43:14Z" duration-ms="0" status="PASS">
          <reporter-output>
          </reporter-output>
        </test-method> <!-- testTranslateDummy -->
        <test-method signature="testTranslateDummy()[pri:0, instance:calculator.TranslatorImplTest@6dc17b83]" started-at="2019-10-23T11:43:14Z" name="testTranslateDummy" finished-at="2019-10-23T11:43:14Z" duration-ms="8" status="PASS">
          <reporter-output>
          </reporter-output>
        </test-method> <!-- testTranslateDummy -->
        <test-method is-config="true" signature="setUp()[pri:0, instance:calculator.TranslatorImplTest@6dc17b83]" started-at="2019-10-23T11:43:14Z" name="setUp" finished-at="2019-10-23T11:43:14Z" duration-ms="0" status="PASS">
          <reporter-output>
          </reporter-output>
        </test-method> <!-- setUp -->
        <test-method signature="testTranslateDummy()[pri:0, instance:calculator.TranslatorImplTest@6dc17b83]" started-at="2019-10-23T11:43:14Z" name="testTranslateDummy" finished-at="2019-10-23T11:43:14Z" duration-ms="1" status="PASS">
          <reporter-output>
          </reporter-output>
        </test-method> <!-- testTranslateDummy -->
        <test-method is-config="true" signature="setUp()[pri:0, instance:calculator.TranslatorImplTest@6dc17b83]" started-at="2019-10-23T11:43:14Z" name="setUp" finished-at="2019-10-23T11:43:14Z" duration-ms="0" status="PASS">
          <reporter-output>
          </reporter-output>
        </test-method> <!-- setUp -->
        <test-method is-config="true" signature="setUp()[pri:0, instance:calculator.TranslatorImplTest@6dc17b83]" started-at="2019-10-23T11:43:14Z" name="setUp" finished-at="2019-10-23T11:43:14Z" duration-ms="0" status="PASS">
          <reporter-output>
          </reporter-output>
        </test-method> <!-- setUp -->
        <test-method signature="testTranslateDummy()[pri:0, instance:calculator.TranslatorImplTest@6dc17b83]" started-at="2019-10-23T11:43:14Z" name="testTranslateDummy" finished-at="2019-10-23T11:43:14Z" duration-ms="0" status="PASS">
          <reporter-output>
          </reporter-output>
        </test-method> <!-- testTranslateDummy -->
        <test-method signature="testTranslateDummy()[pri:0, instance:calculator.TranslatorImplTest@6dc17b83]" started-at="2019-10-23T11:43:14Z" name="testTranslateDummy" finished-at="2019-10-23T11:43:14Z" duration-ms="0" status="PASS">
          <reporter-output>
          </reporter-output>
        </test-method> <!-- testTranslateDummy -->
        <test-method is-config="true" signature="setUp()[pri:0, instance:calculator.TranslatorImplTest@6dc17b83]" started-at="2019-10-23T11:43:14Z" name="setUp" finished-at="2019-10-23T11:43:14Z" duration-ms="1" status="PASS">
          <reporter-output>
          </reporter-output>
        </test-method> <!-- setUp -->
        <test-method is-config="true" signature="setUp()[pri:0, instance:calculator.TranslatorImplTest@6dc17b83]" started-at="2019-10-23T11:43:14Z" name="setUp" finished-at="2019-10-23T11:43:14Z" duration-ms="0" status="PASS">
          <reporter-output>
          </reporter-output>
        </test-method> <!-- setUp -->
        <test-method signature="testTranslateDummy()[pri:0, instance:calculator.TranslatorImplTest@6dc17b83]" started-at="2019-10-23T11:43:14Z" name="testTranslateDummy" finished-at="2019-10-23T11:43:14Z" duration-ms="0" status="PASS">
          <reporter-output>
          </reporter-output>
        </test-method> <!-- testTranslateDummy -->
        <test-method signature="testTranslateDummy()[pri:0, instance:calculator.TranslatorImplTest@6dc17b83]" started-at="2019-10-23T11:43:14Z" name="testTranslateDummy" finished-at="2019-10-23T11:43:14Z" duration-ms="1" status="PASS">
          <reporter-output>
          </reporter-output>
        </test-method> <!-- testTranslateDummy -->
        <test-method is-config="true" signature="setUp()[pri:0, instance:calculator.TranslatorImplTest@6dc17b83]" started-at="2019-10-23T11:43:14Z" name="setUp" finished-at="2019-10-23T11:43:14Z" duration-ms="0" status="PASS">
          <reporter-output>
          </reporter-output>
        </test-method> <!-- setUp -->
        <test-method signature="testTranslateDummy()[pri:0, instance:calculator.TranslatorImplTest@6dc17b83]" started-at="2019-10-23T11:43:14Z" name="testTranslateDummy" finished-at="2019-10-23T11:43:14Z" duration-ms="0" status="PASS">
          <reporter-output>
          </reporter-output>
        </test-method> <!-- testTranslateDummy -->
        <test-method is-config="true" signature="setUp()[pri:0, instance:calculator.TranslatorImplTest@6dc17b83]" started-at="2019-10-23T11:43:14Z" name="setUp" finished-at="2019-10-23T11:43:14Z" duration-ms="0" status="PASS">
          <reporter-output>
          </reporter-output>
        </test-method> <!-- setUp -->
      </class> <!-- calculator.TranslatorImplTest -->
    </test> <!-- Surefire test -->
  </suite> <!-- Surefire suite -->
</testng-results>
