<?xml version="1.0" encoding="UTF-8"?>
<testsuite xmlns:xsi="http://www.w3.org/2001/XMLSchema-instance" xsi:noNamespaceSchemaLocation="https://maven.apache.org/surefire/maven-surefire-plugin/xsd/surefire-test-report.xsd" name="calculator.TranslatorImplTest" time="0.66" tests="100" errors="0" skipped="0" failures="0">
  <properties>
[...]
</properties>
  <testcase name="testTranslateDummy" classname="calculator.TranslatorImplTest" time="0.006"/>
  <testcase name="testTranslateDummy" classname="calculator.TranslatorImplTest" time="0"/>
  <testcase name="testTranslateDummy" classname="calculator.TranslatorImplTest" time="0"/>
  <testcase name="testTranslateDummy" classname="calculator.TranslatorImplTest" time="0"/>
  <testcase name="testTranslateDummy" classname="calculator.TranslatorImplTest" time="0"/>
  <testcase name="testTranslateDummy" classname="calculator.TranslatorImplTest" time="0"/>
  <testcase name="testTranslateDummy" classname="calculator.TranslatorImplTest" time="0"/>
  <testcase name="testTranslateDummy" classname="calculator.TranslatorImplTest" time="0"/>
  <testcase name="testTranslateDummy" classname="calculator.TranslatorImplTest" time="0.002"/>
  <testcase name="testTranslateDummy" classname="calculator.TranslatorImplTest" time="0.002"/>
  <testcase name="testTranslateDummy" classname="calculator.TranslatorImplTest" time="0.002"/>
  <testcase name="testTranslateDummy" classname="calculator.TranslatorImplTest" time="0.003"/>
  <testcase name="testTranslateDummy" classname="calculator.TranslatorImplTest" time="0"/>
  <testcase name="testTranslateDummy" classname="calculator.TranslatorImplTest" time="0"/>
  <testcase name="testTranslateDummy" classname="calculator.TranslatorImplTest" time="0"/>
  <testcase name="testTranslateDummy" classname="calculator.TranslatorImplTest" time="0"/>
  <testcase name="testTranslateDummy" classname="calculator.TranslatorImplTest" time="0.003"/>
  <testcase name="testTranslateDummy" classname="calculator.TranslatorImplTest" time="0.004"/>
  <testcase name="testTranslateDummy" classname="calculator.TranslatorImplTest" time="0"/>
  <testcase name="testTranslateDummy" classname="calculator.TranslatorImplTest" time="0"/>
  <testcase name="testTranslateDummy" classname="calculator.TranslatorImplTest" time="0"/>
  <testcase name="testTranslateDummy" classname="calculator.TranslatorImplTest" time="0"/>
  <testcase name="testTranslateDummy" classname="calculator.TranslatorImplTest" time="0"/>
  <testcase name="testTranslateDummy" classname="calculator.TranslatorImplTest" time="0"/>
  <testcase name="testTranslateDummy" classname="calculator.TranslatorImplTest" time="0"/>
  <testcase name="testTranslateDummy" classname="calculator.TranslatorImplTest" time="0"/>
  <testcase name="testTranslateDummy" classname="calculator.TranslatorImplTest" time="0.001"/>
  <testcase name="testTranslateDummy" classname="calculator.TranslatorImplTest" time="0"/>
  <testcase name="testTranslateDummy" classname="calculator.TranslatorImplTest" time="0.001"/>
  <testcase name="testTranslateDummy" classname="calculator.TranslatorImplTest" time="0"/>
  <testcase name="testTranslateDummy" classname="calculator.TranslatorImplTest" time="0.001"/>
  <testcase name="testTranslateDummy" classname="calculator.TranslatorImplTest" time="0"/>
  <testcase name="testTranslateDummy" classname="calculator.TranslatorImplTest" time="0"/>
  <testcase name="testTranslateDummy" classname="calculator.TranslatorImplTest" time="0"/>
  <testcase name="testTranslateDummy" classname="calculator.TranslatorImplTest" time="0"/>
  <testcase name="testTranslateDummy" classname="calculator.TranslatorImplTest" time="0.009"/>
  <testcase name="testTranslateDummy" classname="calculator.TranslatorImplTest" time="0.009"/>
  <testcase name="testTranslateDummy" classname="calculator.TranslatorImplTest" time="0.009"/>
  <testcase name="testTranslateDummy" classname="calculator.TranslatorImplTest" time="0"/>
  <testcase name="testTranslateDummy" classname="calculator.TranslatorImplTest" time="0"/>
  <testcase name="testTranslateDummy" classname="calculator.TranslatorImplTest" time="0"/>
  <testcase name="testTranslateDummy" classname="calculator.TranslatorImplTest" time="0"/>
  <testcase name="testTranslateDummy" classname="calculator.TranslatorImplTest" time="0"/>
  <testcase name="testTranslateDummy" classname="calculator.TranslatorImplTest" time="0"/>
  <testcase name="testTranslateDummy" classname="calculator.TranslatorImplTest" time="0"/>
  <testcase name="testTranslateDummy" classname="calculator.TranslatorImplTest" time="0"/>
  <testcase name="testTranslateDummy" classname="calculator.TranslatorImplTest" time="0"/>
  <testcase name="testTranslateDummy" classname="calculator.TranslatorImplTest" time="0"/>
  <testcase name="testTranslateDummy" classname="calculator.TranslatorImplTest" time="0.001"/>
  <testcase name="testTranslateDummy" classname="calculator.TranslatorImplTest" time="0.001"/>
  <testcase name="testTranslateDummy" classname="calculator.TranslatorImplTest" time="0"/>
  <testcase name="testTranslateDummy" classname="calculator.TranslatorImplTest" time="0"/>
  <testcase name="testTranslateDummy" classname="calculator.TranslatorImplTest" time="0"/>
  <testcase name="testTranslateDummy" classname="calculator.TranslatorImplTest" time="0"/>
  <testcase name="testTranslateDummy" classname="calculator.TranslatorImplTest" time="0"/>
  <testcase name="testTranslateDummy" classname="calculator.TranslatorImplTest" time="0"/>
  <testcase name="testTranslateDummy" classname="calculator.TranslatorImplTest" time="0"/>
  <testcase name="testTranslateDummy" classname="calculator.TranslatorImplTest" time="0"/>
  <testcase name="testTranslateDummy" classname="calculator.TranslatorImplTest" time="0"/>
  <testcase name="testTranslateDummy" classname="calculator.TranslatorImplTest" time="0"/>
  <testcase name="testTranslateDummy" classname="calculator.TranslatorImplTest" time="0"/>
  <testcase name="testTranslateDummy" classname="calculator.TranslatorImplTest" time="0"/>
  <testcase name="testTranslateDummy" classname="calculator.TranslatorImplTest" time="0"/>
  <testcase name="testTranslateDummy" classname="calculator.TranslatorImplTest" time="0"/>
  <testcase name="testTranslateDummy" classname="calculator.TranslatorImplTest" time="0"/>
  <testcase name="testTranslateDummy" classname="calculator.TranslatorImplTest" time="0"/>
  <testcase name="testTranslateDummy" classname="calculator.TranslatorImplTest" time="0"/>
  <testcase name="testTranslateDummy" classname="calculator.TranslatorImplTest" time="0"/>
  <testcase name="testTranslateDummy" classname="calculator.TranslatorImplTest" time="0"/>
  <testcase name="testTranslateDummy" classname="calculator.TranslatorImplTest" time="0"/>
  <testcase name="testTranslateDummy" classname="calculator.TranslatorImplTest" time="0"/>
  <testcase name="testTranslateDummy" classname="calculator.TranslatorImplTest" time="0"/>
  <testcase name="testTranslateDummy" classname="calculator.TranslatorImplTest" time="0"/>
  <testcase name="testTranslateDummy" classname="calculator.TranslatorImplTest" time="0"/>
  <testcase name="testTranslateDummy" classname="calculator.TranslatorImplTest" time="0.001"/>
  <testcase name="testTranslateDummy" classname="calculator.TranslatorImplTest" time="0"/>
  <testcase name="testTranslateDummy" classname="calculator.TranslatorImplTest" time="0"/>
  <testcase name="testTranslateDummy" classname="calculator.TranslatorImplTest" time="0"/>
  <testcase name="testTranslateDummy" classname="calculator.TranslatorImplTest" time="0"/>
  <testcase name="testTranslateDummy" classname="calculator.TranslatorImplTest" time="0.001"/>
  <testcase name="testTranslateDummy" classname="calculator.TranslatorImplTest" time="0.001"/>
  <testcase name="testTranslateDummy" classname="calculator.TranslatorImplTest" time="0"/>
  <testcase name="testTranslateDummy" classname="calculator.TranslatorImplTest" time="0"/>
  <testcase name="testTranslateDummy" classname="calculator.TranslatorImplTest" time="0"/>
  <testcase name="testTranslateDummy" classname="calculator.TranslatorImplTest" time="0"/>
  <testcase name="testTranslateDummy" classname="calculator.TranslatorImplTest" time="0"/>
  <testcase name="testTranslateDummy" classname="calculator.TranslatorImplTest" time="0.001"/>
  <testcase name="testTranslateDummy" classname="calculator.TranslatorImplTest" time="0"/>
  <testcase name="testTranslateDummy" classname="calculator.TranslatorImplTest" time="0"/>
  <testcase name="testTranslateDummy" classname="calculator.TranslatorImplTest" time="0.006"/>
  <testcase name="testTranslateDummy" classname="calculator.TranslatorImplTest" time="0"/>
  <testcase name="testTranslateDummy" classname="calculator.TranslatorImplTest" time="0"/>
  <testcase name="testTranslateDummy" classname="calculator.TranslatorImplTest" time="0"/>
  <testcase name="testTranslateDummy" classname="calculator.TranslatorImplTest" time="0"/>
  <testcase name="testTranslateDummy" classname="calculator.TranslatorImplTest" time="0"/>
  <testcase name="testTranslateDummy" classname="calculator.TranslatorImplTest" time="0"/>
  <testcase name="testTranslateDummy" classname="calculator.TranslatorImplTest" time="0"/>
  <testcase name="testTranslateDummy" classname="calculator.TranslatorImplTest" time="0"/>
  <testcase name="testTranslateDummy" classname="calculator.TranslatorImplTest" time="0"/>
  <testcase name="testTranslateDummy" classname="calculator.TranslatorImplTest" time="0.001"/>
</testsuite>